Using endpoint h55ft9cy7fyi1d
1_smart_2-MLA-female: submitted a8acea1b-e8b5-44cc-bec1-c69e0521e2fb-u2
1_smart_2-MLA-male: submitted 64264ecc-4d34-47e3-bc5f-38aa8600d79d-u2
1_smart_2-MLB-male: submitted 4bd64d89-f8b3-4c41-96fd-1ca86fc41c9e-u2
20_smart_2-MLB-male: submitted d9721c8e-6a35-4c3c-98f6-d1a35c9627b5-u1
21_smart_2-MLB-female: submitted cf389771-f843-4fb6-8cca-cdf2535191f6-u1
22_smart_2-MLB-male: submitted 20a89e96-60dd-4343-a848-a47c15f8bc13-u1
23_smart_2-MLB-female: submitted e795dad0-6b0f-4f4d-a839-603c907515ae-u1
24_smart_2-MLB-male: submitted 6332b721-bf87-4058-9c24-1ce6132f125f-u2
25_smart_2-MLB-male: submitted e73266a8-1305-49ac-80cc-84ebc78672b9-u2
26_smart_2-MLB-female: submitted ba9de580-3bc5-4aa5-8cb6-fb3a8b7cdb24-u2
27_smart_2-MLB-female: submitted f67a79a4-a15b-462f-9671-09c363beb547-u1
28_smart_2-MLB-male: submitted 9b2dc908-9edc-43c5-b695-bdb94460108e-u2
29_smart_2-MLB-male: submitted 12bdf8b1-da3a-43f3-aa85-6e6ed2845480-u2
2_smart_2-MLA-male: submitted 73e5d09d-20df-4144-97f4-714de036e545-u2
30_smart_2-MLM-female: submitted 111bdf6d-e721-46f5-a092-b0bce421ac11-u1
31_smart_2-MLM-male: submitted abdcb3e4-236c-4b15-9618-c91c3c41ee33-u2
32_smart_2-MLM-male: submitted 0ab818d2-f63e-40f1-9f34-8ffcd99ee167-u2
33_smart_2-MLM-female: submitted 99294292-62e5-49a6-b329-7a121881a986-u2
34_smart_2-MLM-male: submitted 4f1362dc-5186-4ec2-bcfb-95a128bbe4cc-u2
35_smart_2-MLM-male: submitted 3a822c00-3a2a-4728-844a-4042361dc9bc-u2
36_smart_2-MLC-male: submitted 2e03fc33-1eb7-48fd-bd94-41fe785ff098-u2
37_smart_2-MLC-female: submitted ea5d6f41-a62b-4fbe-bdbc-53de3d6c99dc-u2
38_smart_2-MLC-female: submitted 7f8ff9d2-74e7-469a-a0ca-1748a89cedfe-u1
39_smart_2-MLC-male: submitted 47583185-ab73-40f2-8604-e7ebf4f43727-u2
3_smart_2-MLA-male: submitted 8a9a724e-8b15-47cb-b45b-7b9941b39dab-u1
3_smart_2-MLB-male: submitted 386f463d-aebb-45ea-aeb8-69e51eed91cf-u2
40_smart_2-MLC-male: submitted e1c351ee-5a8d-4d35-bb89-0854c027f2f1-u1
41_smart_2-MLA-female: submitted 681a4954-ede0-495c-a007-30da4176e6f8-u2
42_smart_2-MLA-male: submitted e107d47a-d38e-4407-a43e-906a4e14aecb-u1
43_smart_2-MLA-male: submitted f735b459-de70-4821-bbad-14c81596390d-u1
44_smart_2-MLA-female: submitted c1b7e58e-4874-4209-a0ca-b3b52238246a-u1
4_smart_2-MLA-female: submitted b1707735-07b6-45ea-9e84-87599f271cfb-u2
500_tap-MLB-male: submitted cc4357b3-de27-4c98-b2d7-2561cc06e3e0-u2
506_tap-MLB-female: submitted df4981a5-ccea-4b10-9106-6266ee5dd256-u2
5_smart_2-MLA-male: submitted b45d0360-9861-4d97-a763-e6406ab6c669-u2
Submitted 35 jobs
